<?xml version="1.0" encoding="UTF-8"?>
<!-- Generated by org.testng.reporters.JUnitReportReporter -->
<testsuite hostname="Ambuj-PC" failures="0" tests="1" name="uploadandpopup.dropdown" time="2.807" errors="0" timestamp="25 Mar 2023 16:53:42 GMT">
  <testcase classname="uploadandpopup.dropdown" name="Select" time="2.807"/>
</testsuite> <!-- uploadandpopup.dropdown -->
