<?xml version="1.0" encoding="UTF-8"?>
<!-- Generated by org.testng.reporters.JUnitReportReporter -->
<testsuite hostname="Ambuj-PC" failures="0" tests="1" name="Test.Radio" time="4.411" errors="0" timestamp="25 Mar 2023 16:24:42 GMT">
  <testcase classname="Test.Radio" name="radio" time="4.411"/>
</testsuite> <!-- Test.Radio -->
