<?xml version="1.0" encoding="UTF-8"?>
<!-- Generated by org.testng.reporters.JUnitReportReporter -->
<testsuite hostname="Ambuj-PC" failures="0" tests="3" name="com.seleniumtesting.login" time="9.644" errors="0" timestamp="19 Mar 2023 09:59:21 GMT">
  <testcase classname="com.seleniumtesting.login" name="VeryTile" time="0.299"/>
  <testcase classname="com.seleniumtesting.login" name="login" time="9.260"/>
  <testcase classname="com.seleniumtesting.login" name="verifyUrl" time="0.085"/>
</testsuite> <!-- com.seleniumtesting.login -->
