<?xml version="1.0" encoding="UTF-8"?>
<!-- Generated by org.testng.reporters.JUnitReportReporter -->
<testsuite hostname="Ambuj-PC" failures="0" tests="1" name="Test.Text" time="14.357" errors="0" timestamp="21 Mar 2023 17:48:27 GMT">
  <testcase classname="Test.Text" name="Text" time="14.357"/>
</testsuite> <!-- Test.Text -->
